0 info it worked if it ends with ok
1 verbose cli [ '/Users/Maho/.nvm/versions/node/v6.9.2/bin/node',
1 verbose cli   '/Users/Maho/.nvm/versions/node/v6.9.2/bin/npm',
1 verbose cli   'run',
1 verbose cli   'test' ]
2 info using npm@3.9.5
3 info using node@v6.9.2
4 verbose run-script [ 'pretest', 'test', 'posttest' ]
5 info lifecycle todo-api@1.0.0~pretest: todo-api@1.0.0
6 silly lifecycle todo-api@1.0.0~pretest: no script for pretest, continuing
7 info lifecycle todo-api@1.0.0~test: todo-api@1.0.0
8 verbose lifecycle todo-api@1.0.0~test: unsafe-perm in lifecycle true
9 verbose lifecycle todo-api@1.0.0~test: PATH: /Users/Maho/.nvm/versions/node/v6.9.2/lib/node_modules/npm/bin/node-gyp-bin:/Users/Maho/dev/intel/option2/todo-API/node_modules/.bin:/Users/Maho/.nvm/versions/node/v6.9.2/bin:/Library/Java/JavaVirtualMachines/jdk1.8.0_181.jdk/Contents/Home/bin:/Users/Maho/.nvm/versions/node/v6.9.2/bin:/usr/local/bin:/usr/bin:/bin:/usr/sbin:/sbin:/usr/local/Bluemix/bin:/Users/Maho/Library/Android/sdk/tools:/Users/Maho/Library/Android/sdk/platform-tools
10 verbose lifecycle todo-api@1.0.0~test: CWD: /Users/Maho/dev/intel/option2/todo-API
11 silly lifecycle todo-api@1.0.0~test: Args: [ '-c', 'jest --runInBand --watch' ]
12 silly lifecycle todo-api@1.0.0~test: Returned: code: 1  signal: null
13 info lifecycle todo-api@1.0.0~test: Failed to exec test script
14 verbose stack Error: todo-api@1.0.0 test: `jest --runInBand --watch`
14 verbose stack Exit status 1
14 verbose stack     at EventEmitter.<anonymous> (/Users/Maho/.nvm/versions/node/v6.9.2/lib/node_modules/npm/lib/utils/lifecycle.js:245:16)
14 verbose stack     at emitTwo (events.js:106:13)
14 verbose stack     at EventEmitter.emit (events.js:191:7)
14 verbose stack     at ChildProcess.<anonymous> (/Users/Maho/.nvm/versions/node/v6.9.2/lib/node_modules/npm/lib/utils/spawn.js:24:14)
14 verbose stack     at emitTwo (events.js:106:13)
14 verbose stack     at ChildProcess.emit (events.js:191:7)
14 verbose stack     at maybeClose (internal/child_process.js:877:16)
14 verbose stack     at Process.ChildProcess._handle.onexit (internal/child_process.js:226:5)
15 verbose pkgid todo-api@1.0.0
16 verbose cwd /Users/Maho/dev/intel/option2/todo-API
17 error Darwin 18.2.0
18 error argv "/Users/Maho/.nvm/versions/node/v6.9.2/bin/node" "/Users/Maho/.nvm/versions/node/v6.9.2/bin/npm" "run" "test"
19 error node v6.9.2
20 error npm  v3.9.5
21 error code ELIFECYCLE
22 error todo-api@1.0.0 test: `jest --runInBand --watch`
22 error Exit status 1
23 error Failed at the todo-api@1.0.0 test script 'jest --runInBand --watch'.
23 error Make sure you have the latest version of node.js and npm installed.
23 error If you do, this is most likely a problem with the todo-api package,
23 error not with npm itself.
23 error Tell the author that this fails on your system:
23 error     jest --runInBand --watch
23 error You can get information on how to open an issue for this project with:
23 error     npm bugs todo-api
23 error Or if that isn't available, you can get their info via:
23 error     npm owner ls todo-api
23 error There is likely additional logging output above.
24 verbose exit [ 1, true ]
